{"$message_type":"diagnostic","message":"expected one of `.`, `;`, `?`, `}`, or an operator, found `300`","code":null,"level":"error","spans":[{"file_name":"src/app.rs","byte_start":2868,"byte_end":2871,"line_start":98,"line_end":98,"column_start":38,"column_end":41,"is_primary":true,"text":[{"text":"        egui::CentralPanel::default()300","highlight_start":38,"highlight_end":41}],"label":"expected one of `.`, `;`, `?`, `}`, or an operator","suggested_replacement":null,"suggestion_applicability":null,"expansion":null}],"children":[],"rendered":"\u001b[1m\u001b[91merror\u001b[0m\u001b[1m: expected one of `.`, `;`, `?`, `}`, or an operator, found `300`\u001b[0m\n  \u001b[1m\u001b[94m--> \u001b[0msrc/app.rs:98:38\n   \u001b[1m\u001b[94m|\u001b[0m\n\u001b[1m\u001b[94m98\u001b[0m \u001b[1m\u001b[94m|\u001b[0m \u001b[1m\u001b[94m...\u001b[0mt()300\n   \u001b[1m\u001b[94m|\u001b[0m       \u001b[1m\u001b[91m^^^\u001b[0m \u001b[1m\u001b[91mexpected one of `.`, `;`, `?`, `}`, or an operator\u001b[0m\n\n"}
{"$message_type":"diagnostic","message":"cannot find type `ChatMessage` in this scope","code":{"code":"E0412","explanation":"A used type name is not in scope.\n\nErroneous code examples:\n\n```compile_fail,E0412\nimpl Something {} // error: type name `Something` is not in scope\n\n// or:\n\ntrait Foo {\n    fn bar(N); // error: type name `N` is not in scope\n}\n\n// or:\n\nfn foo(x: T) {} // type name `T` is not in scope\n```\n\nTo fix this error, please verify you didn't misspell the type name, you did\ndeclare it or imported it into the scope. Examples:\n\n```\nstruct Something;\n\nimpl Something {} // ok!\n\n// or:\n\ntrait Foo {\n    type N;\n\n    fn bar(_: Self::N); // ok!\n}\n\n// or:\n\nfn foo<T>(x: T) {} // ok!\n```\n\nAnother case that causes this error is when a type is imported into a parent\nmodule. To fix this, you can follow the suggestion and use File directly or\n`use super::File;` which will import the types from the parent namespace. An\nexample that causes this error is below:\n\n```compile_fail,E0412\nuse std::fs::File;\n\nmod foo {\n    fn some_function(f: File) {}\n}\n```\n\n```\nuse std::fs::File;\n\nmod foo {\n    // either\n    use super::File;\n    // or\n    // use std::fs::File;\n    fn foo(f: File) {}\n}\n# fn main() {} // don't insert it for us; that'll break imports\n```\n"},"level":"error","spans":[{"file_name":"src/app.rs","byte_start":465,"byte_end":476,"line_start":29,"line_end":29,"column_start":19,"column_end":30,"is_primary":true,"text":[{"text":"    messages: Vec<ChatMessage>,","highlight_start":19,"highlight_end":30}],"label":"not found in this scope","suggested_replacement":null,"suggestion_applicability":null,"expansion":null}],"children":[{"message":"you might be missing a type parameter","code":null,"level":"help","spans":[{"file_name":"src/app.rs","byte_start":444,"byte_end":444,"line_start":28,"line_end":28,"column_start":23,"column_end":23,"is_primary":true,"text":[{"text":"pub struct SentinelApp {","highlight_start":23,"highlight_end":23}],"label":null,"suggested_replacement":"<ChatMessage>","suggestion_applicability":"MaybeIncorrect","expansion":null}],"children":[],"rendered":null}],"rendered":"\u001b[1m\u001b[91merror[E0412]\u001b[0m\u001b[1m: cannot find type `ChatMessage` in this scope\u001b[0m\n  \u001b[1m\u001b[94m--> \u001b[0msrc/app.rs:29:19\n   \u001b[1m\u001b[94m|\u001b[0m\n\u001b[1m\u001b[94m29\u001b[0m \u001b[1m\u001b[94m|\u001b[0m \u001b[1m\u001b[94m...\u001b[0mec<ChatMessage>,\n   \u001b[1m\u001b[94m|\u001b[0m       \u001b[1m\u001b[91m^^^^^^^^^^^\u001b[0m \u001b[1m\u001b[91mnot found in this scope\u001b[0m\n   \u001b[1m\u001b[94m|\u001b[0m\n\u001b[1m\u001b[96mhelp\u001b[0m: you might be missing a type parameter\n   \u001b[1m\u001b[94m|\u001b[0m\n\u001b[1m\u001b[94m28\u001b[0m \u001b[1m\u001b[94m| \u001b[0mpub struct SentinelApp\u001b[92m<ChatMessage>\u001b[0m {\n   \u001b[1m\u001b[94m|\u001b[0m                       \u001b[92m+++++++++++++\u001b[0m\n\n"}
{"$message_type":"diagnostic","message":"cannot find struct, variant or union type `ChatMessage` in this scope","code":{"code":"E0422","explanation":"An identifier that is neither defined nor a struct was used.\n\nErroneous code example:\n\n```compile_fail,E0422\nfn main () {\n    let x = Foo { x: 1, y: 2 };\n}\n```\n\nIn this case, `Foo` is undefined, so it inherently isn't anything, and\ndefinitely not a struct.\n\n```compile_fail\nfn main () {\n    let foo = 1;\n    let x = foo { x: 1, y: 2 };\n}\n```\n\nIn this case, `foo` is defined, but is not a struct, so Rust can't use it as\none.\n"},"level":"error","spans":[{"file_name":"src/app.rs","byte_start":787,"byte_end":798,"line_start":43,"line_end":43,"column_start":17,"column_end":28,"is_primary":true,"text":[{"text":"                ChatMessage {","highlight_start":17,"highlight_end":28}],"label":"not found in this scope","suggested_replacement":null,"suggestion_applicability":null,"expansion":null}],"children":[],"rendered":"\u001b[1m\u001b[91merror[E0422]\u001b[0m\u001b[1m: cannot find struct, variant or union type `ChatMessage` in this scope\u001b[0m\n  \u001b[1m\u001b[94m--> \u001b[0msrc/app.rs:43:17\n   \u001b[1m\u001b[94m|\u001b[0m\n\u001b[1m\u001b[94m43\u001b[0m \u001b[1m\u001b[94m|\u001b[0m \u001b[1m\u001b[94m...\u001b[0m   ChatMessage {\n   \u001b[1m\u001b[94m|\u001b[0m       \u001b[1m\u001b[91m^^^^^^^^^^^\u001b[0m \u001b[1m\u001b[91mnot found in this scope\u001b[0m\n\n"}
{"$message_type":"diagnostic","message":"cannot find type `ChatMessage` in this scope","code":{"code":"E0412","explanation":"A used type name is not in scope.\n\nErroneous code examples:\n\n```compile_fail,E0412\nimpl Something {} // error: type name `Something` is not in scope\n\n// or:\n\ntrait Foo {\n    fn bar(N); // error: type name `N` is not in scope\n}\n\n// or:\n\nfn foo(x: T) {} // type name `T` is not in scope\n```\n\nTo fix this error, please verify you didn't misspell the type name, you did\ndeclare it or imported it into the scope. Examples:\n\n```\nstruct Something;\n\nimpl Something {} // ok!\n\n// or:\n\ntrait Foo {\n    type N;\n\n    fn bar(_: Self::N); // ok!\n}\n\n// or:\n\nfn foo<T>(x: T) {} // ok!\n```\n\nAnother case that causes this error is when a type is imported into a parent\nmodule. To fix this, you can follow the suggestion and use File directly or\n`use super::File;` which will import the types from the parent namespace. An\nexample that causes this error is below:\n\n```compile_fail,E0412\nuse std::fs::File;\n\nmod foo {\n    fn some_function(f: File) {}\n}\n```\n\n```\nuse std::fs::File;\n\nmod foo {\n    // either\n    use super::File;\n    // or\n    // use std::fs::File;\n    fn foo(f: File) {}\n}\n# fn main() {} // don't insert it for us; that'll break imports\n```\n"},"level":"error","spans":[{"file_name":"src/app.rs","byte_start":11996,"byte_end":12007,"line_start":307,"line_end":307,"column_start":59,"column_end":70,"is_primary":true,"text":[{"text":"    fn render_message(&self, ui: &mut egui::Ui, message: &ChatMessage) {","highlight_start":59,"highlight_end":70}],"label":"not found in this scope","suggested_replacement":null,"suggestion_applicability":null,"expansion":null}],"children":[],"rendered":"\u001b[1m\u001b[91merror[E0412]\u001b[0m\u001b[1m: cannot find type `ChatMessage` in this scope\u001b[0m\n   \u001b[1m\u001b[94m--> \u001b[0msrc/app.rs:307:59\n    \u001b[1m\u001b[94m|\u001b[0m\n\u001b[1m\u001b[94m307\u001b[0m \u001b[1m\u001b[94m|\u001b[0m \u001b[1m\u001b[94m...\u001b[0m: &ChatMessage) {\n    \u001b[1m\u001b[94m|\u001b[0m       \u001b[1m\u001b[91m^^^^^^^^^^^\u001b[0m \u001b[1m\u001b[91mnot found in this scope\u001b[0m\n\n"}
{"$message_type":"diagnostic","message":"cannot find struct, variant or union type `ChatMessage` in this scope","code":{"code":"E0422","explanation":"An identifier that is neither defined nor a struct was used.\n\nErroneous code example:\n\n```compile_fail,E0422\nfn main () {\n    let x = Foo { x: 1, y: 2 };\n}\n```\n\nIn this case, `Foo` is undefined, so it inherently isn't anything, and\ndefinitely not a struct.\n\n```compile_fail\nfn main () {\n    let foo = 1;\n    let x = foo { x: 1, y: 2 };\n}\n```\n\nIn this case, `foo` is defined, but is not a struct, so Rust can't use it as\none.\n"},"level":"error","spans":[{"file_name":"src/app.rs","byte_start":15126,"byte_end":15137,"line_start":388,"line_end":388,"column_start":28,"column_end":39,"is_primary":true,"text":[{"text":"        self.messages.push(ChatMessage {","highlight_start":28,"highlight_end":39}],"label":"not found in this scope","suggested_replacement":null,"suggestion_applicability":null,"expansion":null}],"children":[],"rendered":"\u001b[1m\u001b[91merror[E0422]\u001b[0m\u001b[1m: cannot find struct, variant or union type `ChatMessage` in this scope\u001b[0m\n   \u001b[1m\u001b[94m--> \u001b[0msrc/app.rs:388:28\n    \u001b[1m\u001b[94m|\u001b[0m\n\u001b[1m\u001b[94m388\u001b[0m \u001b[1m\u001b[94m|\u001b[0m \u001b[1m\u001b[94m...\u001b[0msh(ChatMessage {\n    \u001b[1m\u001b[94m|\u001b[0m       \u001b[1m\u001b[91m^^^^^^^^^^^\u001b[0m \u001b[1m\u001b[91mnot found in this scope\u001b[0m\n\n"}
{"$message_type":"diagnostic","message":"this function takes 0 arguments but 1 argument was supplied","code":{"code":"E0061","explanation":"An invalid number of arguments was passed when calling a function.\n\nErroneous code example:\n\n```compile_fail,E0061\nfn f(u: i32) {}\n\nf(); // error!\n```\n\nThe number of arguments passed to a function must match the number of arguments\nspecified in the function signature.\n\nFor example, a function like:\n\n```\nfn f(a: u16, b: &str) {}\n```\n\nMust always be called with exactly two arguments, e.g., `f(2, \"test\")`.\n\nNote that Rust does not have a notion of optional function arguments or\nvariadic functions (except for its C-FFI).\n"},"level":"error","spans":[{"file_name":"src/app.rs","byte_start":1066,"byte_end":1101,"line_start":49,"line_end":49,"column_start":48,"column_end":83,"is_primary":false,"text":[{"text":"            planner_client: PlannerClient::new(\"http://localhost:8000\".to_string()),","highlight_start":48,"highlight_end":83}],"label":"unexpected argument of type `std::string::String`","suggested_replacement":null,"suggestion_applicability":null,"expansion":null},{"file_name":"src/app.rs","byte_start":1047,"byte_end":1065,"line_start":49,"line_end":49,"column_start":29,"column_end":47,"is_primary":true,"text":[{"text":"            planner_client: PlannerClient::new(\"http://localhost:8000\".to_string()),","highlight_start":29,"highlight_end":47}],"label":null,"suggested_replacement":null,"suggestion_applicability":null,"expansion":null}],"children":[{"message":"associated function defined here","code":null,"level":"note","spans":[{"file_name":"src/planner_client.rs","byte_start":295,"byte_end":298,"line_start":20,"line_end":20,"column_start":12,"column_end":15,"is_primary":true,"text":[{"text":"    pub fn new() -> Self {","highlight_start":12,"highlight_end":15}],"label":null,"suggested_replacement":null,"suggestion_applicability":null,"expansion":null}],"children":[],"rendered":null},{"message":"remove the extra argument","code":null,"level":"help","spans":[{"file_name":"src/app.rs","byte_start":1066,"byte_end":1101,"line_start":49,"line_end":49,"column_start":48,"column_end":83,"is_primary":true,"text":[{"text":"            planner_client: PlannerClient::new(\"http://localhost:8000\".to_string()),","highlight_start":48,"highlight_end":83}],"label":null,"suggested_replacement":"","suggestion_applicability":"HasPlaceholders","expansion":null}],"children":[],"rendered":null}],"rendered":"\u001b[1m\u001b[91merror[E0061]\u001b[0m\u001b[1m: this function takes 0 arguments but 1 argument was supplied\u001b[0m\n  \u001b[1m\u001b[94m--> \u001b[0msrc/app.rs:49:29\n   \u001b[1m\u001b[94m|\u001b[0m\n\u001b[1m\u001b[94m49\u001b[0m \u001b[1m\u001b[94m|\u001b[0m \u001b[1m\u001b[94m...\u001b[0mt: PlannerClient::new(\"http://localhost:8000\".to_string()),\n   \u001b[1m\u001b[94m|\u001b[0m       \u001b[1m\u001b[91m^^^^^^^^^^^^^^^^^^\u001b[0m \u001b[1m\u001b[94m----------------------\u001b[0m\u001b[1m\u001b[94m...\u001b[0m\u001b[1m\u001b[94margument of type `std::string::String`\u001b[0m\n   \u001b[1m\u001b[94m|\u001b[0m\n\u001b[1m\u001b[92mnote\u001b[0m: associated function defined here\n  \u001b[1m\u001b[94m--> \u001b[0msrc/planner_client.rs:20:12\n   \u001b[1m\u001b[94m|\u001b[0m\n\u001b[1m\u001b[94m20\u001b[0m \u001b[1m\u001b[94m|\u001b[0m \u001b[1m\u001b[94m...\u001b[0mfn new() \u001b[1m\u001b[94m...\u001b[0m\n   \u001b[1m\u001b[94m|\u001b[0m       \u001b[1m\u001b[92m^^^\u001b[0m\n\u001b[1m\u001b[96mhelp\u001b[0m: remove the extra argument\n   \u001b[1m\u001b[94m|\u001b[0m\n\u001b[1m\u001b[94m49\u001b[0m \u001b[91m- \u001b[0m            planner_client: PlannerClient::new(\u001b[91m\"http://localhost:8000\".to_string()\u001b[0m),\n\u001b[1m\u001b[94m49\u001b[0m \u001b[92m+ \u001b[0m            planner_client: PlannerClient::new(),\n   \u001b[1m\u001b[94m|\u001b[0m\n\n"}
{"$message_type":"diagnostic","message":"no method named `render_sidebar` found for mutable reference `&mut ...` in the current scope","code":{"code":"E0599","explanation":"This error occurs when a method is used on a type which doesn't implement it:\n\nErroneous code example:\n\n```compile_fail,E0599\nstruct Mouth;\n\nlet x = Mouth;\nx.chocolate(); // error: no method named `chocolate` found for type `Mouth`\n               //        in the current scope\n```\n\nIn this case, you need to implement the `chocolate` method to fix the error:\n\n```\nstruct Mouth;\n\nimpl Mouth {\n    fn chocolate(&self) { // We implement the `chocolate` method here.\n        println!(\"Hmmm! I love chocolate!\");\n    }\n}\n\nlet x = Mouth;\nx.chocolate(); // ok!\n```\n"},"level":"error","spans":[{"file_name":"src/app.rs","byte_start":2759,"byte_end":2773,"line_start":94,"line_end":94,"column_start":22,"column_end":36,"is_primary":true,"text":[{"text":"                self.render_sidebar(ui);","highlight_start":22,"highlight_end":36}],"label":"method not found in `&mut ...`","suggested_replacement":null,"suggestion_applicability":null,"expansion":null}],"children":[{"message":"the full name for the type has been written to '/workspaces/Sentinel/overlay_ui/target/debug/deps/sentinel_overlay-4ab762fd36a887ba.long-type-12493655955390379018.txt'","code":null,"level":"note","spans":[],"children":[],"rendered":null},{"message":"consider using `--verbose` to print the full type name to the console","code":null,"level":"note","spans":[],"children":[],"rendered":null}],"rendered":"\u001b[1m\u001b[91merror[E0599]\u001b[0m\u001b[1m: no method named `render_sidebar` found for mutable reference `&mut ...` in the current scope\u001b[0m\n  \u001b[1m\u001b[94m--> \u001b[0msrc/app.rs:94:22\n   \u001b[1m\u001b[94m|\u001b[0m\n\u001b[1m\u001b[94m94\u001b[0m \u001b[1m\u001b[94m|\u001b[0m \u001b[1m\u001b[94m...\u001b[0mlf.render_sidebar(ui);\n   \u001b[1m\u001b[94m|\u001b[0m       \u001b[1m\u001b[91m^^^^^^^^^^^^^^\u001b[0m \u001b[1m\u001b[91mmethod not found in `&mut ...`\u001b[0m\n   \u001b[1m\u001b[94m|\u001b[0m\n   \u001b[1m\u001b[94m= \u001b[0m\u001b[1mnote\u001b[0m: the full name for the type has been written to '/workspaces/Sentinel/overlay_ui/target/debug/deps/sentinel_overlay-4ab762fd36a887ba.long-type-12493655955390379018.txt'\n   \u001b[1m\u001b[94m= \u001b[0m\u001b[1mnote\u001b[0m: consider using `--verbose` to print the full type name to the console\n\n"}
{"$message_type":"diagnostic","message":"struct `Shadow` has no field named `offset`","code":{"code":"E0560","explanation":"An unknown field was specified into a structure.\n\nErroneous code example:\n\n```compile_fail,E0560\nstruct Simba {\n    mother: u32,\n}\n\nlet s = Simba { mother: 1, father: 0 };\n// error: structure `Simba` has no field named `father`\n```\n\nVerify you didn't misspell the field's name or that the field exists. Example:\n\n```\nstruct Simba {\n    mother: u32,\n    father: u32,\n}\n\nlet s = Simba { mother: 1, father: 0 }; // ok!\n```\n"},"level":"error","spans":[{"file_name":"src/app.rs","byte_start":12803,"byte_end":12809,"line_start":328,"line_end":328,"column_start":25,"column_end":31,"is_primary":true,"text":[{"text":"                        offset: egui::vec2(0.0, 1.0),","highlight_start":25,"highlight_end":31}],"label":"`Shadow` does not have this field","suggested_replacement":null,"suggestion_applicability":null,"expansion":null}],"children":[{"message":"available fields are: `extrusion`","code":null,"level":"note","spans":[],"children":[],"rendered":null}],"rendered":"\u001b[1m\u001b[91merror[E0560]\u001b[0m\u001b[1m: struct `Shadow` has no field named `offset`\u001b[0m\n   \u001b[1m\u001b[94m--> \u001b[0msrc/app.rs:328:25\n    \u001b[1m\u001b[94m|\u001b[0m\n\u001b[1m\u001b[94m328\u001b[0m \u001b[1m\u001b[94m|\u001b[0m \u001b[1m\u001b[94m...\u001b[0m   offset: e\u001b[1m\u001b[94m...\u001b[0m\n    \u001b[1m\u001b[94m|\u001b[0m       \u001b[1m\u001b[91m^^^^^^\u001b[0m \u001b[1m\u001b[91m`Shadow` does not have this field\u001b[0m\n    \u001b[1m\u001b[94m|\u001b[0m\n    \u001b[1m\u001b[94m= \u001b[0m\u001b[1mnote\u001b[0m: available fields are: `extrusion`\n\n"}
{"$message_type":"diagnostic","message":"struct `Shadow` has no field named `blur`","code":{"code":"E0560","explanation":"An unknown field was specified into a structure.\n\nErroneous code example:\n\n```compile_fail,E0560\nstruct Simba {\n    mother: u32,\n}\n\nlet s = Simba { mother: 1, father: 0 };\n// error: structure `Simba` has no field named `father`\n```\n\nVerify you didn't misspell the field's name or that the field exists. Example:\n\n```\nstruct Simba {\n    mother: u32,\n    father: u32,\n}\n\nlet s = Simba { mother: 1, father: 0 }; // ok!\n```\n"},"level":"error","spans":[{"file_name":"src/app.rs","byte_start":12857,"byte_end":12861,"line_start":329,"line_end":329,"column_start":25,"column_end":29,"is_primary":true,"text":[{"text":"                        blur: 3.2.0.0,","highlight_start":25,"highlight_end":29}],"label":"`Shadow` does not have this field","suggested_replacement":null,"suggestion_applicability":null,"expansion":null}],"children":[{"message":"available fields are: `extrusion`","code":null,"level":"note","spans":[],"children":[],"rendered":null}],"rendered":"\u001b[1m\u001b[91merror[E0560]\u001b[0m\u001b[1m: struct `Shadow` has no field named `blur`\u001b[0m\n   \u001b[1m\u001b[94m--> \u001b[0msrc/app.rs:329:25\n    \u001b[1m\u001b[94m|\u001b[0m\n\u001b[1m\u001b[94m329\u001b[0m \u001b[1m\u001b[94m|\u001b[0m \u001b[1m\u001b[94m...\u001b[0m   blur: 3\u001b[1m\u001b[94m...\u001b[0m\n    \u001b[1m\u001b[94m|\u001b[0m       \u001b[1m\u001b[91m^^^^\u001b[0m \u001b[1m\u001b[91m`Shadow` does not have this field\u001b[0m\n    \u001b[1m\u001b[94m|\u001b[0m\n    \u001b[1m\u001b[94m= \u001b[0m\u001b[1mnote\u001b[0m: available fields are: `extrusion`\n\n"}
{"$message_type":"diagnostic","message":"`{float}` is a primitive type and therefore doesn't have fields","code":{"code":"E0610","explanation":"Attempted to access a field on a primitive type.\n\nErroneous code example:\n\n```compile_fail,E0610\nlet x: u32 = 0;\nprintln!(\"{}\", x.foo); // error: `{integer}` is a primitive type, therefore\n                       //        doesn't have fields\n```\n\nPrimitive types are the most basic types available in Rust and don't have\nfields. To access data via named fields, struct types are used. Example:\n\n```\n// We declare struct called `Foo` containing two fields:\nstruct Foo {\n    x: u32,\n    y: i64,\n}\n\n// We create an instance of this struct:\nlet variable = Foo { x: 0, y: -12 };\n// And we can now access its fields:\nprintln!(\"x: {}, y: {}\", variable.x, variable.y);\n```\n\nFor more information about [primitives] and [structs], take a look at the Book.\n\n[primitives]: https://doc.rust-lang.org/book/ch03-02-data-types.html\n[structs]: https://doc.rust-lang.org/book/ch05-00-structs.html\n"},"level":"error","spans":[{"file_name":"src/app.rs","byte_start":12867,"byte_end":12868,"line_start":329,"line_end":329,"column_start":35,"column_end":36,"is_primary":true,"text":[{"text":"                        blur: 3.2.0.0,","highlight_start":35,"highlight_end":36}],"label":null,"suggested_replacement":null,"suggestion_applicability":null,"expansion":null}],"children":[],"rendered":"\u001b[1m\u001b[91merror[E0610]\u001b[0m\u001b[1m: `{float}` is a primitive type and therefore doesn't have fields\u001b[0m\n   \u001b[1m\u001b[94m--> \u001b[0msrc/app.rs:329:35\n    \u001b[1m\u001b[94m|\u001b[0m\n\u001b[1m\u001b[94m329\u001b[0m \u001b[1m\u001b[94m|\u001b[0m \u001b[1m\u001b[94m...\u001b[0m.2.0.0,\n    \u001b[1m\u001b[94m|\u001b[0m       \u001b[1m\u001b[91m^\u001b[0m\n\n"}
{"$message_type":"diagnostic","message":"struct `Shadow` has no field named `spread`","code":{"code":"E0560","explanation":"An unknown field was specified into a structure.\n\nErroneous code example:\n\n```compile_fail,E0560\nstruct Simba {\n    mother: u32,\n}\n\nlet s = Simba { mother: 1, father: 0 };\n// error: structure `Simba` has no field named `father`\n```\n\nVerify you didn't misspell the field's name or that the field exists. Example:\n\n```\nstruct Simba {\n    mother: u32,\n    father: u32,\n}\n\nlet s = Simba { mother: 1, father: 0 }; // ok!\n```\n"},"level":"error","spans":[{"file_name":"src/app.rs","byte_start":12896,"byte_end":12902,"line_start":330,"line_end":330,"column_start":25,"column_end":31,"is_primary":true,"text":[{"text":"                        spread: 0.0,","highlight_start":25,"highlight_end":31}],"label":"`Shadow` does not have this field","suggested_replacement":null,"suggestion_applicability":null,"expansion":null}],"children":[{"message":"available fields are: `extrusion`","code":null,"level":"note","spans":[],"children":[],"rendered":null}],"rendered":"\u001b[1m\u001b[91merror[E0560]\u001b[0m\u001b[1m: struct `Shadow` has no field named `spread`\u001b[0m\n   \u001b[1m\u001b[94m--> \u001b[0msrc/app.rs:330:25\n    \u001b[1m\u001b[94m|\u001b[0m\n\u001b[1m\u001b[94m330\u001b[0m \u001b[1m\u001b[94m|\u001b[0m \u001b[1m\u001b[94m...\u001b[0m   spread: 0.0,\n    \u001b[1m\u001b[94m|\u001b[0m       \u001b[1m\u001b[91m^^^^^^\u001b[0m \u001b[1m\u001b[91m`Shadow` does not have this field\u001b[0m\n    \u001b[1m\u001b[94m|\u001b[0m\n    \u001b[1m\u001b[94m= \u001b[0m\u001b[1mnote\u001b[0m: available fields are: `extrusion`\n\n"}
{"$message_type":"diagnostic","message":"struct `Shadow` has no field named `offset`","code":{"code":"E0560","explanation":"An unknown field was specified into a structure.\n\nErroneous code example:\n\n```compile_fail,E0560\nstruct Simba {\n    mother: u32,\n}\n\nlet s = Simba { mother: 1, father: 0 };\n// error: structure `Simba` has no field named `father`\n```\n\nVerify you didn't misspell the field's name or that the field exists. Example:\n\n```\nstruct Simba {\n    mother: u32,\n    father: u32,\n}\n\nlet s = Simba { mother: 1, father: 0 }; // ok!\n```\n"},"level":"error","spans":[{"file_name":"src/app.rs","byte_start":14097,"byte_end":14103,"line_start":362,"line_end":362,"column_start":25,"column_end":31,"is_primary":true,"text":[{"text":"                        offset: egui::vec2(0.0, 1.0),","highlight_start":25,"highlight_end":31}],"label":"`Shadow` does not have this field","suggested_replacement":null,"suggestion_applicability":null,"expansion":null}],"children":[{"message":"available fields are: `extrusion`","code":null,"level":"note","spans":[],"children":[],"rendered":null}],"rendered":"\u001b[1m\u001b[91merror[E0560]\u001b[0m\u001b[1m: struct `Shadow` has no field named `offset`\u001b[0m\n   \u001b[1m\u001b[94m--> \u001b[0msrc/app.rs:362:25\n    \u001b[1m\u001b[94m|\u001b[0m\n\u001b[1m\u001b[94m362\u001b[0m \u001b[1m\u001b[94m|\u001b[0m \u001b[1m\u001b[94m...\u001b[0m   offset: e\u001b[1m\u001b[94m...\u001b[0m\n    \u001b[1m\u001b[94m|\u001b[0m       \u001b[1m\u001b[91m^^^^^^\u001b[0m \u001b[1m\u001b[91m`Shadow` does not have this field\u001b[0m\n    \u001b[1m\u001b[94m|\u001b[0m\n    \u001b[1m\u001b[94m= \u001b[0m\u001b[1mnote\u001b[0m: available fields are: `extrusion`\n\n"}
{"$message_type":"diagnostic","message":"struct `Shadow` has no field named `blur`","code":{"code":"E0560","explanation":"An unknown field was specified into a structure.\n\nErroneous code example:\n\n```compile_fail,E0560\nstruct Simba {\n    mother: u32,\n}\n\nlet s = Simba { mother: 1, father: 0 };\n// error: structure `Simba` has no field named `father`\n```\n\nVerify you didn't misspell the field's name or that the field exists. Example:\n\n```\nstruct Simba {\n    mother: u32,\n    father: u32,\n}\n\nlet s = Simba { mother: 1, father: 0 }; // ok!\n```\n"},"level":"error","spans":[{"file_name":"src/app.rs","byte_start":14151,"byte_end":14155,"line_start":363,"line_end":363,"column_start":25,"column_end":29,"is_primary":true,"text":[{"text":"                        blur: 3.0,","highlight_start":25,"highlight_end":29}],"label":"`Shadow` does not have this field","suggested_replacement":null,"suggestion_applicability":null,"expansion":null}],"children":[{"message":"available fields are: `extrusion`","code":null,"level":"note","spans":[],"children":[],"rendered":null}],"rendered":"\u001b[1m\u001b[91merror[E0560]\u001b[0m\u001b[1m: struct `Shadow` has no field named `blur`\u001b[0m\n   \u001b[1m\u001b[94m--> \u001b[0msrc/app.rs:363:25\n    \u001b[1m\u001b[94m|\u001b[0m\n\u001b[1m\u001b[94m363\u001b[0m \u001b[1m\u001b[94m|\u001b[0m \u001b[1m\u001b[94m...\u001b[0m   blur: 3.0,\n    \u001b[1m\u001b[94m|\u001b[0m       \u001b[1m\u001b[91m^^^^\u001b[0m \u001b[1m\u001b[91m`Shadow` does not have this field\u001b[0m\n    \u001b[1m\u001b[94m|\u001b[0m\n    \u001b[1m\u001b[94m= \u001b[0m\u001b[1mnote\u001b[0m: available fields are: `extrusion`\n\n"}
{"$message_type":"diagnostic","message":"struct `Shadow` has no field named `spread`","code":{"code":"E0560","explanation":"An unknown field was specified into a structure.\n\nErroneous code example:\n\n```compile_fail,E0560\nstruct Simba {\n    mother: u32,\n}\n\nlet s = Simba { mother: 1, father: 0 };\n// error: structure `Simba` has no field named `father`\n```\n\nVerify you didn't misspell the field's name or that the field exists. Example:\n\n```\nstruct Simba {\n    mother: u32,\n    father: u32,\n}\n\nlet s = Simba { mother: 1, father: 0 }; // ok!\n```\n"},"level":"error","spans":[{"file_name":"src/app.rs","byte_start":14186,"byte_end":14192,"line_start":364,"line_end":364,"column_start":25,"column_end":31,"is_primary":true,"text":[{"text":"                        spread: 0.0,","highlight_start":25,"highlight_end":31}],"label":"`Shadow` does not have this field","suggested_replacement":null,"suggestion_applicability":null,"expansion":null}],"children":[{"message":"available fields are: `extrusion`","code":null,"level":"note","spans":[],"children":[],"rendered":null}],"rendered":"\u001b[1m\u001b[91merror[E0560]\u001b[0m\u001b[1m: struct `Shadow` has no field named `spread`\u001b[0m\n   \u001b[1m\u001b[94m--> \u001b[0msrc/app.rs:364:25\n    \u001b[1m\u001b[94m|\u001b[0m\n\u001b[1m\u001b[94m364\u001b[0m \u001b[1m\u001b[94m|\u001b[0m \u001b[1m\u001b[94m...\u001b[0m   spread: 0.0,\n    \u001b[1m\u001b[94m|\u001b[0m       \u001b[1m\u001b[91m^^^^^^\u001b[0m \u001b[1m\u001b[91m`Shadow` does not have this field\u001b[0m\n    \u001b[1m\u001b[94m|\u001b[0m\n    \u001b[1m\u001b[94m= \u001b[0m\u001b[1mnote\u001b[0m: available fields are: `extrusion`\n\n"}
{"$message_type":"diagnostic","message":"no method named `send_chat_message` found for struct `PlannerClient` in the current scope","code":{"code":"E0599","explanation":"This error occurs when a method is used on a type which doesn't implement it:\n\nErroneous code example:\n\n```compile_fail,E0599\nstruct Mouth;\n\nlet x = Mouth;\nx.chocolate(); // error: no method named `chocolate` found for type `Mouth`\n               //        in the current scope\n```\n\nIn this case, you need to implement the `chocolate` method to fix the error:\n\n```\nstruct Mouth;\n\nimpl Mouth {\n    fn chocolate(&self) { // We implement the `chocolate` method here.\n        println!(\"Hmmm! I love chocolate!\");\n    }\n}\n\nlet x = Mouth;\nx.chocolate(); // ok!\n```\n"},"level":"error","spans":[{"file_name":"src/planner_client.rs","byte_start":55,"byte_end":79,"line_start":4,"line_end":4,"column_start":1,"column_end":25,"is_primary":false,"text":[{"text":"pub struct PlannerClient {","highlight_start":1,"highlight_end":25}],"label":"method `send_chat_message` not found for this struct","suggested_replacement":null,"suggestion_applicability":null,"expansion":null},{"file_name":"src/app.rs","byte_start":15543,"byte_end":15560,"line_start":401,"line_end":401,"column_start":42,"column_end":59,"is_primary":true,"text":[{"text":"            if let Ok(response) = client.send_chat_message(&messages) {","highlight_start":42,"highlight_end":59}],"label":null,"suggested_replacement":null,"suggestion_applicability":null,"expansion":null}],"children":[{"message":"there is a method `send_chat` with a similar name","code":null,"level":"help","spans":[{"file_name":"src/app.rs","byte_start":15543,"byte_end":15560,"line_start":401,"line_end":401,"column_start":42,"column_end":59,"is_primary":true,"text":[{"text":"            if let Ok(response) = client.send_chat_message(&messages) {","highlight_start":42,"highlight_end":59}],"label":null,"suggested_replacement":"send_chat","suggestion_applicability":"MaybeIncorrect","expansion":null}],"children":[],"rendered":null}],"rendered":"\u001b[1m\u001b[91merror[E0599]\u001b[0m\u001b[1m: no method named `send_chat_message` found for struct `PlannerClient` in the current scope\u001b[0m\n   \u001b[1m\u001b[94m--> \u001b[0msrc/app.rs:401:42\n    \u001b[1m\u001b[94m|\u001b[0m\n\u001b[1m\u001b[94m401\u001b[0m \u001b[1m\u001b[94m|\u001b[0m \u001b[1m\u001b[94m...\u001b[0mnt.send_chat_message(&m\u001b[1m\u001b[94m...\u001b[0m\n    \u001b[1m\u001b[94m|\u001b[0m       \u001b[1m\u001b[91m^^^^^^^^^^^^^^^^^\u001b[0m\n    \u001b[1m\u001b[94m|\u001b[0m\n   \u001b[1m\u001b[94m::: \u001b[0msrc/planner_client.rs:4:1\n    \u001b[1m\u001b[94m|\u001b[0m\n  \u001b[1m\u001b[94m4\u001b[0m \u001b[1m\u001b[94m|...\u001b[0mannerClient {\n    \u001b[1m\u001b[94m|...\u001b[0m\u001b[1m\u001b[94m-----------\u001b[0m \u001b[1m\u001b[94mmethod `send_chat_message` not found for this struct\u001b[0m\n    \u001b[1m\u001b[94m|\u001b[0m\n\u001b[1m\u001b[96mhelp\u001b[0m: there is a method `send_chat` with a similar name\n    \u001b[1m\u001b[94m|\u001b[0m\n\u001b[1m\u001b[94m401\u001b[0m \u001b[91m- \u001b[0m            if let Ok(response) = client.\u001b[91msend_chat_message\u001b[0m(&messages) {\n\u001b[1m\u001b[94m401\u001b[0m \u001b[92m+ \u001b[0m            if let Ok(response) = client.\u001b[92msend_chat\u001b[0m(&messages) {\n    \u001b[1m\u001b[94m|\u001b[0m\n\n"}
{"$message_type":"diagnostic","message":"aborting due to 15 previous errors","code":null,"level":"error","spans":[],"children":[],"rendered":"\u001b[1m\u001b[91merror\u001b[0m\u001b[1m: aborting due to 15 previous errors\u001b[0m\n\n"}
{"$message_type":"diagnostic","message":"Some errors have detailed explanations: E0061, E0412, E0422, E0560, E0599, E0610.","code":null,"level":"failure-note","spans":[],"children":[],"rendered":"\u001b[1mSome errors have detailed explanations: E0061, E0412, E0422, E0560, E0599, E0610.\u001b[0m\n"}
{"$message_type":"diagnostic","message":"For more information about an error, try `rustc --explain E0061`.","code":null,"level":"failure-note","spans":[],"children":[],"rendered":"\u001b[1mFor more information about an error, try `rustc --explain E0061`.\u001b[0m\n"}
